TN:
SF:script/StakeScript.s.sol
FN:31,StakeScript.run
FNDA:0,StakeScript.run
DA:41,0
DA:43,0
DA:44,0
DA:45,0
DA:46,0
DA:48,0
DA:50,0
FNF:1
FNH:0
LF:7
LH:0
BRF:0
BRH:0
end_of_record
TN:
SF:script/testStakeScript.sol
FN:16,testStakeScript.run
FNDA:0,testStakeScript.run
DA:22,0
DA:24,0
DA:26,0
FNF:1
FNH:0
LF:3
LH:0
BRF:0
BRH:0
end_of_record
TN:
SF:src/StakeBooster.sol
FN:61,StakeBooster.pause
FNDA:4,StakeBooster.pause
DA:62,4
FN:67,StakeBooster.unpause
FNDA:2,StakeBooster.unpause
DA:68,2
FN:76,StakeBooster.stake
FNDA:23,StakeBooster.stake
DA:78,22
BRDA:78,0,0,1
BRDA:78,0,1,21
DA:83,21
DA:84,21
BRDA:84,1,0,15
BRDA:84,1,1,6
DA:85,6
BRDA:85,2,0,3
BRDA:85,2,1,3
DA:86,3
BRDA:86,3,0,3
BRDA:86,3,1,3
DA:88,21
DA:89,21
DA:92,21
BRDA:92,4,0,1
BRDA:92,4,1,20
DA:95,20
DA:96,20
BRDA:96,5,0,1
BRDA:96,5,1,19
DA:97,1
DA:101,19
DA:102,19
DA:105,19
BRDA:105,6,0,-
BRDA:105,6,1,19
DA:107,19
FN:113,StakeBooster.unstake
FNDA:7,StakeBooster.unstake
DA:114,7
DA:116,7
BRDA:116,7,0,1
BRDA:116,7,1,6
DA:118,6
BRDA:118,8,0,1
BRDA:118,8,1,5
DA:123,5
DA:124,5
DA:125,5
BRDA:125,9,0,3
BRDA:125,9,1,2
DA:126,2
BRDA:126,10,0,1
BRDA:126,10,1,1
DA:127,1
BRDA:127,11,0,1
BRDA:127,11,1,1
DA:130,5
DA:132,5
DA:134,5
DA:137,5
BRDA:137,12,0,-
BRDA:137,12,1,5
DA:140,5
DA:142,5
FN:149,StakeBooster.upgradeStake
FNDA:8,StakeBooster.upgradeStake
DA:150,7
DA:151,7
DA:152,7
BRDA:152,13,0,1
BRDA:152,13,1,6
DA:155,6
BRDA:155,14,0,1
BRDA:155,14,1,5
DA:157,5
BRDA:157,15,0,1
BRDA:157,15,1,4
DA:160,4
DA:161,4
FN:171,StakeBooster.safeTransferFrom
FNDA:1,StakeBooster.safeTransferFrom
DA:172,1
FN:178,StakeBooster.safeBatchTransferFrom
FNDA:1,StakeBooster.safeBatchTransferFrom
DA:185,1
FN:204,StakeBooster.uri
FNDA:12,StakeBooster.uri
DA:205,12
BRDA:205,16,0,-
BRDA:205,16,1,-
DA:206,9
BRDA:206,17,0,-
BRDA:206,17,1,-
DA:207,6
BRDA:207,18,0,-
BRDA:207,18,1,-
DA:208,3
FN:211,StakeBooster.setURIs
FNDA:2,StakeBooster.setURIs
DA:212,1
DA:213,1
DA:214,1
FNF:9
FNH:9
LF:47
LH:47
BRF:38
BRH:30
end_of_record
TN:
SF:src/testStakeBooster.sol
FN:47,testStakeBooster.stake
FNDA:0,testStakeBooster.stake
DA:49,0
BRDA:49,0,0,-
BRDA:49,0,1,-
DA:50,0
DA:55,0
DA:56,0
BRDA:56,1,0,-
BRDA:56,1,1,-
DA:57,0
BRDA:57,2,0,-
BRDA:57,2,1,-
DA:58,0
BRDA:58,3,0,-
BRDA:58,3,1,-
DA:60,0
DA:61,0
DA:64,0
BRDA:64,4,0,-
BRDA:64,4,1,-
DA:67,0
DA:68,0
BRDA:68,5,0,-
BRDA:68,5,1,-
DA:69,0
DA:73,0
DA:74,0
DA:77,0
BRDA:77,6,0,-
BRDA:77,6,1,-
DA:79,0
FN:83,testStakeBooster.unstake
FNDA:0,testStakeBooster.unstake
DA:84,0
DA:86,0
BRDA:86,7,0,-
BRDA:86,7,1,-
DA:88,0
BRDA:88,8,0,-
BRDA:88,8,1,-
DA:93,0
DA:94,0
DA:95,0
BRDA:95,9,0,-
BRDA:95,9,1,-
DA:96,0
BRDA:96,10,0,-
BRDA:96,10,1,-
DA:97,0
BRDA:97,11,0,-
BRDA:97,11,1,-
DA:100,0
DA:102,0
DA:104,0
DA:107,0
BRDA:107,12,0,-
BRDA:107,12,1,-
DA:110,0
DA:112,0
FN:116,testStakeBooster.upgradeStake
FNDA:0,testStakeBooster.upgradeStake
DA:117,0
DA:118,0
DA:119,0
BRDA:119,13,0,-
BRDA:119,13,1,-
DA:122,0
BRDA:122,14,0,-
BRDA:122,14,1,-
DA:124,0
BRDA:124,15,0,-
BRDA:124,15,1,-
DA:127,0
DA:128,0
FN:138,testStakeBooster.safeTransferFrom
FNDA:0,testStakeBooster.safeTransferFrom
DA:139,0
FN:145,testStakeBooster.safeBatchTransferFrom
FNDA:0,testStakeBooster.safeBatchTransferFrom
DA:152,0
FN:171,testStakeBooster.uri
FNDA:0,testStakeBooster.uri
DA:172,0
BRDA:172,16,0,-
BRDA:172,16,1,-
DA:173,0
BRDA:173,17,0,-
BRDA:173,17,1,-
DA:174,0
BRDA:174,18,0,-
BRDA:174,18,1,-
DA:175,0
FNF:6
FNH:0
LF:43
LH:0
BRF:38
BRH:0
end_of_record
TN:
SF:test/Helper.t.sol
FN:18,Helper._setUp
FNDA:0,Helper._setUp
DA:19,0
DA:20,0
DA:21,0
FNF:1
FNH:0
LF:3
LH:0
BRF:0
BRH:0
end_of_record
TN:
SF:test/MockERC20.sol
FN:9,MockERC20.mint
FNDA:25,MockERC20.mint
DA:10,25
FNF:1
FNH:1
LF:1
LH:1
BRF:0
BRH:0
end_of_record
